{
  "RSpec": {
    "coverage": {
      "/home/luismelo4/ConsumerApi/app/jobs/file_import_job.rb": {
        "lines": [
          1,
          1,
          1,
          1,
          null,
          1,
          1,
          1,
          null,
          null,
          1,
          1,
          null,
          1,
          4,
          4,
          4,
          4,
          4,
          4,
          4,
          4,
          4,
          4,
          4,
          4,
          null,
          4,
          null,
          4,
          4,
          4,
          null,
          4,
          4,
          4,
          null,
          null,
          4,
          4,
          4,
          null,
          3,
          3,
          null,
          1,
          null,
          0,
          0,
          null,
          4,
          null,
          null,
          4,
          4,
          null,
          null,
          4,
          4,
          null,
          4,
          4,
          null,
          null,
          1,
          4,
          4,
          4,
          null,
          null,
          null,
          null,
          null,
          null,
          null,
          null,
          null,
          null,
          null,
          null,
          null,
          null,
          null,
          null,
          null,
          null,
          4,
          4,
          null,
          null,
          1,
          3,
          3,
          3,
          3,
          null,
          3,
          null,
          null,
          1,
          3,
          3,
          3,
          3,
          null,
          3,
          null,
          null,
          1,
          21,
          3,
          null,
          0,
          0,
          null,
          0,
          0,
          null,
          null,
          null,
          0,
          0,
          null,
          0,
          0,
          null,
          null,
          18,
          null,
          18,
          18,
          null,
          0,
          0,
          null,
          null,
          null,
          18,
          18,
          null,
          0,
          0,
          null,
          null,
          0,
          null,
          null,
          null,
          1,
          8,
          8,
          null,
          null,
          null,
          1,
          1,
          4,
          4,
          4,
          null,
          null,
          1,
          18,
          null,
          null,
          1,
          18,
          18,
          18,
          null,
          null,
          1,
          4,
          null,
          null,
          1,
          3,
          3,
          3,
          null,
          null,
          1,
          432,
          432,
          432,
          0,
          0,
          null,
          null,
          null
        ]
      },
      "/home/luismelo4/ConsumerApi/app/jobs/process_batch_mongo_job.rb": {
        "lines": [
          1,
          1,
          1,
          null,
          1,
          null,
          1,
          4,
          4,
          4,
          4,
          4,
          null,
          4,
          4,
          null,
          4,
          9,
          null,
          8,
          null,
          null,
          8,
          8,
          null,
          6,
          6,
          null,
          6,
          0,
          0,
          null,
          null,
          null,
          null,
          4,
          null,
          4,
          null,
          4,
          4,
          null,
          4,
          null,
          null,
          1,
          null,
          1,
          3,
          null,
          null,
          3,
          null,
          6,
          null,
          null,
          null,
          null,
          null,
          null,
          null,
          null,
          null,
          null,
          null,
          null,
          null,
          null,
          null,
          null,
          null,
          null,
          null,
          null,
          null,
          3,
          0,
          0,
          null,
          null,
          null,
          1,
          null,
          5,
          1,
          null,
          null,
          null,
          null,
          1,
          4,
          4,
          null,
          4,
          null,
          null,
          1,
          11,
          null,
          null,
          1,
          null,
          8,
          null,
          null,
          null,
          null,
          null,
          null,
          null,
          null,
          8,
          8,
          null,
          null,
          1,
          8,
          null,
          null,
          1,
          8,
          null,
          null,
          1,
          0,
          0,
          null,
          null
        ]
      },
      "/home/luismelo4/ConsumerApi/app/jobs/process_batch_sql_server_job.rb": {
        "lines": [
          1,
          1,
          1,
          null,
          1,
          null,
          1,
          4,
          4,
          4,
          4,
          4,
          null,
          4,
          4,
          null,
          4,
          9,
          null,
          8,
          null,
          null,
          8,
          8,
          null,
          6,
          6,
          null,
          6,
          0,
          0,
          null,
          null,
          null,
          null,
          4,
          null,
          4,
          null,
          4,
          4,
          null,
          4,
          null,
          null,
          1,
          null,
          1,
          3,
          3,
          null,
          null,
          3,
          6,
          null,
          null,
          null,
          null,
          null,
          null,
          null,
          3,
          null,
          null,
          null,
          null,
          null,
          null,
          null,
          null,
          null,
          null,
          null,
          3,
          0,
          0,
          null,
          0,
          null,
          null,
          null,
          1,
          null,
          5,
          1,
          1,
          1,
          null,
          null,
          null,
          1,
          2,
          2,
          null,
          null,
          null,
          null,
          null,
          null,
          null,
          null,
          null,
          null,
          null,
          null,
          null,
          null,
          null,
          null,
          null,
          null,
          null,
          null,
          null,
          2,
          null,
          null,
          1,
          2,
          2,
          2,
          2,
          null,
          null,
          1,
          4,
          4,
          null,
          4,
          null,
          4,
          null,
          null,
          1,
          11,
          null,
          null,
          1,
          null,
          9,
          null,
          null,
          null,
          null,
          null,
          null,
          null,
          null,
          9,
          9,
          null,
          null,
          1,
          9,
          null,
          null,
          1,
          9,
          null,
          null,
          1,
          49,
          null,
          null,
          1,
          0,
          0,
          null,
          null
        ]
      },
      "/home/luismelo4/ConsumerApi/app/models/product.rb": {
        "lines": [
          1,
          null,
          1,
          1,
          1,
          null
        ]
      },
      "/home/luismelo4/ConsumerApi/app/models/application_record.rb": {
        "lines": [
          1,
          1,
          null
        ]
      },
      "/home/luismelo4/ConsumerApi/app/models/mongo_product.rb": {
        "lines": [
          1,
          1,
          null,
          null,
          1,
          1,
          1,
          1,
          1,
          1,
          1,
          1,
          null,
          null,
          1,
          1,
          1,
          null
        ]
      },
      "/home/luismelo4/ConsumerApi/app/controllers/application_controller.rb": {
        "lines": [
          0,
          0
        ],
        "branches": {}
      },
      "/home/luismelo4/ConsumerApi/app/controllers/products_controller.rb": {
        "lines": [
          null,
          null,
          0,
          null,
          0,
          null,
          0,
          null,
          0,
          null,
          0,
          null,
          0,
          0,
          null,
          0,
          null,
          0,
          0,
          0,
          0,
          0,
          0,
          0,
          null
        ],
        "branches": {}
      },
      "/home/luismelo4/ConsumerApi/app/jobs/application_job.rb": {
        "lines": [
          0,
          null,
          null,
          null,
          null,
          null,
          0
        ],
        "branches": {}
      },
      "/home/luismelo4/ConsumerApi/app/mailers/application_mailer.rb": {
        "lines": [
          0,
          0,
          0,
          0
        ],
        "branches": {}
      },
      "/home/luismelo4/ConsumerApi/app/workers/my_worker.rb": {
        "lines": [
          0,
          0,
          null,
          0,
          null,
          0,
          0
        ],
        "branches": {}
      }
    },
    "timestamp": 1737123707
  }
}
